<?xml version="1.0" encoding="utf-8"?><testsuites><testsuite errors="0" failures="0" hostname="DIT004281" name="pytest" skipped="0" tests="5" time="0.094" timestamp="2023-09-08T08:18:49.582145"><testcase classname="core.tests.test_views" file="core/tests/test_views.py" line="34" name="test_x_forwarded_for_not_set[get_kwargs0]" time="0.030"></testcase><testcase classname="core.tests.test_views" file="core/tests/test_views.py" line="34" name="test_x_forwarded_for_not_set[get_kwargs1]" time="0.002"></testcase><testcase classname="core.tests.test_views" file="core/tests/test_views.py" line="34" name="test_x_forwarded_for_not_set[get_kwargs2]" time="0.002"></testcase><testcase classname="core.tests.test_views" file="core/tests/test_views.py" line="58" name="test_if_x_forwarded_for_and_remote_addr_then_are_concat_with_comma" time="0.002"></testcase><testcase classname="core.tests.test_views" file="core/tests/test_views.py" line="71" name="test_get_upstream_response_http_error_logged_and_raised" time="0.003"></testcase></testsuite></testsuites>